Determining if the pthread_create exist failed with the following output:
Change Dir: /home/ketan/vl53l0x-linux/build/catkin_tools_prebuild/CMakeFiles/CMakeTmp

Run Build Command:"/usr/bin/make" "cmTC_8b4ee/fast"
/usr/bin/make -f CMakeFiles/cmTC_8b4ee.dir/build.make CMakeFiles/cmTC_8b4ee.dir/build
make[1]: Entering directory '/home/ketan/vl53l0x-linux/build/catkin_tools_prebuild/CMakeFiles/CMakeTmp'
Building C object CMakeFiles/cmTC_8b4ee.dir/CheckSymbolExists.c.o
/usr/bin/cc     -o CMakeFiles/cmTC_8b4ee.dir/CheckSymbolExists.c.o   -c /home/ketan/vl53l0x-linux/build/catkin_tools_prebuild/CMakeFiles/CMakeTmp/CheckSymbolExists.c
Linking C executable cmTC_8b4ee
/usr/bin/cmake -E cmake_link_script CMakeFiles/cmTC_8b4ee.dir/link.txt --verbose=1
/usr/bin/cc       CMakeFiles/cmTC_8b4ee.dir/CheckSymbolExists.c.o  -o cmTC_8b4ee -rdynamic 
CMakeFiles/cmTC_8b4ee.dir/CheckSymbolExists.c.o: In function `main':
CheckSymbolExists.c:(.text+0x16): undefined reference to `pthread_create'
collect2: error: ld returned 1 exit status
CMakeFiles/cmTC_8b4ee.dir/build.make:97: recipe for target 'cmTC_8b4ee' failed
make[1]: *** [cmTC_8b4ee] Error 1
make[1]: Leaving directory '/home/ketan/vl53l0x-linux/build/catkin_tools_prebuild/CMakeFiles/CMakeTmp'
Makefile:126: recipe for target 'cmTC_8b4ee/fast' failed
make: *** [cmTC_8b4ee/fast] Error 2

File /home/ketan/vl53l0x-linux/build/catkin_tools_prebuild/CMakeFiles/CMakeTmp/CheckSymbolExists.c:
/* */
#include <pthread.h>

int main(int argc, char** argv)
{
  (void)argv;
#ifndef pthread_create
  return ((int*)(&pthread_create))[argc];
#else
  (void)argc;
  return 0;
#endif
}

Determining if the function pthread_create exists in the pthreads failed with the following output:
Change Dir: /home/ketan/vl53l0x-linux/build/catkin_tools_prebuild/CMakeFiles/CMakeTmp

Run Build Command:"/usr/bin/make" "cmTC_c254c/fast"
/usr/bin/make -f CMakeFiles/cmTC_c254c.dir/build.make CMakeFiles/cmTC_c254c.dir/build
make[1]: Entering directory '/home/ketan/vl53l0x-linux/build/catkin_tools_prebuild/CMakeFiles/CMakeTmp'
Building C object CMakeFiles/cmTC_c254c.dir/CheckFunctionExists.c.o
/usr/bin/cc    -DCHECK_FUNCTION_EXISTS=pthread_create   -o CMakeFiles/cmTC_c254c.dir/CheckFunctionExists.c.o   -c /usr/share/cmake-3.5/Modules/CheckFunctionExists.c
Linking C executable cmTC_c254c
/usr/bin/cmake -E cmake_link_script CMakeFiles/cmTC_c254c.dir/link.txt --verbose=1
/usr/bin/cc   -DCHECK_FUNCTION_EXISTS=pthread_create    CMakeFiles/cmTC_c254c.dir/CheckFunctionExists.c.o  -o cmTC_c254c -rdynamic -lpthreads 
/usr/bin/ld: cannot find -lpthreads
collect2: error: ld returned 1 exit status
CMakeFiles/cmTC_c254c.dir/build.make:97: recipe for target 'cmTC_c254c' failed
make[1]: *** [cmTC_c254c] Error 1
make[1]: Leaving directory '/home/ketan/vl53l0x-linux/build/catkin_tools_prebuild/CMakeFiles/CMakeTmp'
Makefile:126: recipe for target 'cmTC_c254c/fast' failed
make: *** [cmTC_c254c/fast] Error 2


